# JRE version: Java(TM) SE Runtime Environment (8.0_101-b13) (build 1.8.0_101-b13)
# Java VM: Java HotSpot(TM) 64-Bit Server VM (25.101-b13 mixed mode windows-amd64 compressed oops)
Heap:
 PSYoungGen      total 448000K, used 363945K [0x00000000d5900000, 0x0000000100000000, 0x0000000100000000)
  eden space 412160K, 80% used [0x00000000d5900000,0x00000000e9e724f8,0x00000000eeb80000)
  from space 35840K, 85% used [0x00000000eeb80000,0x00000000f0978020,0x00000000f0e80000)
  to   space 39936K, 0% used [0x00000000fd900000,0x00000000fd900000,0x0000000100000000)
 ParOldGen       total 87552K, used 67264K [0x0000000080a00000, 0x0000000085f80000, 0x00000000d5900000)
  object space 87552K, 76% used [0x0000000080a00000,0x0000000084bb0080,0x0000000085f80000)
 Metaspace       used 4723K, capacity 5102K, committed 5248K, reserved 1056768K
  class space    used 492K, capacity 573K, committed 640K, reserved 1048576K
GC Heap History (10 events):
Event: 6.441 GC heap before
{Heap before GC invocations=7 (full 0):
 PSYoungGen      total 143360K, used 141264K [0x00000000d5900000, 0x00000000df300000, 0x0000000100000000)
  eden space 132096K, 100% used [0x00000000d5900000,0x00000000dda00000,0x00000000dda00000)
  from space 11264K, 81% used [0x00000000de600000,0x00000000deef4050,0x00000000df100000)
  to   space 12288K, 0% used [0x00000000dda00000,0x00000000dda00000,0x00000000de600000)
 ParOldGen       total 87552K, used 7536K [0x0000000080a00000, 0x0000000085f80000, 0x00000000d5900000)
  object space 87552K, 8% used [0x0000000080a00000,0x000000008115c000,0x0000000085f80000)
 Metaspace       used 4389K, capacity 4810K, committed 4992K, reserved 1056768K
  class space    used 481K, capacity 537K, committed 640K, reserved 1048576K
Event: 6.462 GC heap after
Heap after GC invocations=7 (full 0):
 PSYoungGen      total 144384K, used 12272K [0x00000000d5900000, 0x00000000e7e00000, 0x0000000100000000)
  eden space 132096K, 0% used [0x00000000d5900000,0x00000000d5900000,0x00000000dda00000)
  from space 12288K, 99% used [0x00000000dda00000,0x00000000de5fc030,0x00000000de600000)
  to   space 17920K, 0% used [0x00000000e6c80000,0x00000000e6c80000,0x00000000e7e00000)
 ParOldGen       total 87552K, used 14216K [0x0000000080a00000, 0x0000000085f80000, 0x00000000d5900000)
  object space 87552K, 16% used [0x0000000080a00000,0x00000000817e2070,0x0000000085f80000)
 Metaspace       used 4389K, capacity 4810K, committed 4992K, reserved 1056768K
  class space    used 481K, capacity 537K, committed 640K, reserved 1048576K
}
Event: 8.682 GC heap before
{Heap before GC invocations=8 (full 0):
 PSYoungGen      total 144384K, used 144368K [0x00000000d5900000, 0x00000000e7e00000, 0x0000000100000000)
  eden space 132096K, 100% used [0x00000000d5900000,0x00000000dda00000,0x00000000dda00000)
  from space 12288K, 99% used [0x00000000dda00000,0x00000000de5fc030,0x00000000de600000)
  to   space 17920K, 0% used [0x00000000e6c80000,0x00000000e6c80000,0x00000000e7e00000)
 ParOldGen       total 87552K, used 14216K [0x0000000080a00000, 0x0000000085f80000, 0x00000000d5900000)
  object space 87552K, 16% used [0x0000000080a00000,0x00000000817e2070,0x0000000085f80000)
 Metaspace       used 4393K, capacity 4810K, committed 4992K, reserved 1056768K
  class space    used 481K, capacity 537K, committed 640K, reserved 1048576K
Event: 8.704 GC heap after
Heap after GC invocations=8 (full 0):
 PSYoungGen      total 278016K, used 17904K [0x00000000d5900000, 0x00000000e8600000, 0x0000000100000000)
  eden space 260096K, 0% used [0x00000000d5900000,0x00000000d5900000,0x00000000e5700000)
  from space 17920K, 99% used [0x00000000e6c80000,0x00000000e7dfc030,0x00000000e7e00000)
  to   space 22016K, 0% used [0x00000000e5700000,0x00000000e5700000,0x00000000e6c80000)
 ParOldGen       total 87552K, used 17008K [0x0000000080a00000, 0x0000000085f80000, 0x00000000d5900000)
  object space 87552K, 19% used [0x0000000080a00000,0x0000000081a9c070,0x0000000085f80000)
 Metaspace       used 4393K, capacity 4810K, committed 4992K, reserved 1056768K
  class space    used 481K, capacity 537K, committed 640K, reserved 1048576K
}
Event: 13.428 GC heap before
{Heap before GC invocations=9 (full 0):
 PSYoungGen      total 278016K, used 278000K [0x00000000d5900000, 0x00000000e8600000, 0x0000000100000000)
  eden space 260096K, 100% used [0x00000000d5900000,0x00000000e5700000,0x00000000e5700000)
  from space 17920K, 99% used [0x00000000e6c80000,0x00000000e7dfc030,0x00000000e7e00000)
  to   space 22016K, 0% used [0x00000000e5700000,0x00000000e5700000,0x00000000e6c80000)
 ParOldGen       total 87552K, used 17008K [0x0000000080a00000, 0x0000000085f80000, 0x00000000d5900000)
  object space 87552K, 19% used [0x0000000080a00000,0x0000000081a9c070,0x0000000085f80000)
 Metaspace       used 4409K, capacity 4810K, committed 4992K, reserved 1056768K
  class space    used 481K, capacity 537K, committed 640K, reserved 1048576K
Event: 13.491 GC heap after
Heap after GC invocations=9 (full 0):
 PSYoungGen      total 282112K, used 22000K [0x00000000d5900000, 0x00000000f2d80000, 0x0000000100000000)
  eden space 260096K, 0% used [0x00000000d5900000,0x00000000d5900000,0x00000000e5700000)
  from space 22016K, 99% used [0x00000000e5700000,0x00000000e6c7c030,0x00000000e6c80000)
  to   space 31744K, 0% used [0x00000000f0e80000,0x00000000f0e80000,0x00000000f2d80000)
 ParOldGen       total 87552K, used 32408K [0x0000000080a00000, 0x0000000085f80000, 0x00000000d5900000)
  object space 87552K, 37% used [0x0000000080a00000,0x00000000829a6070,0x0000000085f80000)
 Metaspace       used 4409K, capacity 4810K, committed 4992K, reserved 1056768K
  class space    used 481K, capacity 537K, committed 640K, reserved 1048576K
}
Event: 17.411 GC heap before
{Heap before GC invocations=10 (full 0):
 PSYoungGen      total 282112K, used 282096K [0x00000000d5900000, 0x00000000f2d80000, 0x0000000100000000)
  eden space 260096K, 100% used [0x00000000d5900000,0x00000000e5700000,0x00000000e5700000)
  from space 22016K, 99% used [0x00000000e5700000,0x00000000e6c7c030,0x00000000e6c80000)
  to   space 31744K, 0% used [0x00000000f0e80000,0x00000000f0e80000,0x00000000f2d80000)
 ParOldGen       total 87552K, used 32408K [0x0000000080a00000, 0x0000000085f80000, 0x00000000d5900000)
  object space 87552K, 37% used [0x0000000080a00000,0x00000000829a6070,0x0000000085f80000)
 Metaspace       used 4412K, capacity 4810K, committed 4992K, reserved 1056768K
  class space    used 481K, capacity 537K, committed 640K, reserved 1048576K
Event: 17.446 GC heap after
Heap after GC invocations=10 (full 0):
 PSYoungGen      total 443904K, used 28419K [0x00000000d5900000, 0x00000000f3580000, 0x0000000100000000)
  eden space 412160K, 0% used [0x00000000d5900000,0x00000000d5900000,0x00000000eeb80000)
  from space 31744K, 89% used [0x00000000f0e80000,0x00000000f2a40e58,0x00000000f2d80000)
  to   space 35840K, 0% used [0x00000000eeb80000,0x00000000eeb80000,0x00000000f0e80000)
 ParOldGen       total 87552K, used 41072K [0x0000000080a00000, 0x0000000085f80000, 0x00000000d5900000)
  object space 87552K, 46% used [0x0000000080a00000,0x000000008321c080,0x0000000085f80000)
 Metaspace       used 4412K, capacity 4810K, committed 4992K, reserved 1056768K
  class space    used 481K, capacity 537K, committed 640K, reserved 1048576K
}
Event: 24.370 GC heap before
{Heap before GC invocations=11 (full 0):
 PSYoungGen      total 443904K, used 440579K [0x00000000d5900000, 0x00000000f3580000, 0x0000000100000000)
  eden space 412160K, 100% used [0x00000000d5900000,0x00000000eeb80000,0x00000000eeb80000)
  from space 31744K, 89% used [0x00000000f0e80000,0x00000000f2a40e58,0x00000000f2d80000)
  to   space 35840K, 0% used [0x00000000eeb80000,0x00000000eeb80000,0x00000000f0e80000)
 ParOldGen       total 87552K, used 41072K [0x0000000080a00000, 0x0000000085f80000, 0x00000000d5900000)
  object space 87552K, 46% used [0x0000000080a00000,0x000000008321c080,0x0000000085f80000)
 Metaspace       used 4420K, capacity 4810K, committed 4992K, reserved 1056768K
  class space    used 481K, capacity 537K, committed 640K, reserved 1048576K
Event: 24.435 GC heap after
Heap after GC invocations=11 (full 0):
 PSYoungGen      total 448000K, used 30688K [0x00000000d5900000, 0x0000000100000000, 0x0000000100000000)
  eden space 412160K, 0% used [0x00000000d5900000,0x00000000d5900000,0x00000000eeb80000)
  from space 35840K, 85% used [0x00000000eeb80000,0x00000000f0978020,0x00000000f0e80000)
  to   space 39936K, 0% used [0x00000000fd900000,0x00000000fd900000,0x0000000100000000)
 ParOldGen       total 87552K, used 67264K [0x0000000080a00000, 0x0000000085f80000, 0x00000000d5900000)
  object space 87552K, 76% used [0x0000000080a00000,0x0000000084bb0080,0x0000000085f80000)
 Metaspace       used 4420K, capacity 4810K, committed 4992K, reserved 1056768K
  class space    used 481K, capacity 537K, committed 640K, reserved 1048576K
}

